#
# A fatal error has been detected by the Java Runtime Environment:
#
#  Internal Error (javaCalls.cpp:51), pid=14436, tid=0x00007f1b6e25c700
#  guarantee(thread->is_Java_thread()) failed: crucial check - the VM thread cannot and must not escape to Java code
#
# JRE version: Java(TM) SE Runtime Environment (8.0_201-b09) (build 1.8.0_201-b09)
# Java VM: Java HotSpot(TM) 64-Bit Server VM (25.201-b09 mixed mode linux-amd64 compressed oops)
# Failed to write core dump. Core dumps have been disabled. To enable core dumping, try "ulimit -c unlimited" before starting Java again
#
# If you would like to submit a bug report, please visit:
#   http://bugreport.java.com/bugreport/crash.jsp
#

---------------  T H R E A D  ---------------

Current thread (0x00007f1b84148000):  VMThread [stack: 0x00007f1b6e15d000,0x00007f1b6e25d000] [id=14447]

Stack: [0x00007f1b6e15d000,0x00007f1b6e25d000],  sp=0x00007f1b6e25a2e0,  free space=1012k
Native frames: (J=compiled Java code, j=interpreted, Vv=VM code, C=native code)
V  [libjvm.so+0xad3525]  VMError::report_and_die()+0x2e5
V  [libjvm.so+0x4e0368]  report_vm_error(char const*, int, char const*, char const*)+0x58
V  [libjvm.so+0x6854e0]  JavaCallWrapper::JavaCallWrapper(methodHandle, Handle, JavaValue*, Thread*)+0x240
V  [libjvm.so+0x687d70]  JavaCalls::call_helper(JavaValue*, methodHandle*, JavaCallArguments*, Thread*)+0x8f0
V  [libjvm.so+0x6863e3]  JavaCalls::call_special(JavaValue*, KlassHandle, Symbol*, Symbol*, JavaCallArguments*, Thread*)+0x223
V  [libjvm.so+0x56ed76]  Exceptions::new_exception(Thread*, Symbol*, char const*, Handle, Handle, Handle, Exceptions::ExceptionMsgToUtf8Mode)+0x3d6
V  [libjvm.so+0x56ee05]  Exceptions::new_exception(Thread*, Symbol*, char const*, Exceptions::ExceptionMsgToUtf8Mode)+0x65
V  [libjvm.so+0x5e02e3]  GenerateOopMap::verify_error(char const*, ...)+0x93
V  [libjvm.so+0x5e245a]  GenerateOopMap::do_method(int, int, int, int)+0x19a
V  [libjvm.so+0x5e34af]  GenerateOopMap::interp_bb(BasicBlock*)+0x16f
V  [libjvm.so+0x5e6fbd]  GenerateOopMap::do_interpretation()+0xbd
V  [libjvm.so+0x5e739b]  GenerateOopMap::compute_map(Thread*)+0x29b
V  [libjvm.so+0x8fee5f]  OopMapForCacheEntry::compute_map(Thread*)+0x8f
V  [libjvm.so+0x900b68]  OopMapCacheEntry::fill(methodHandle, int)+0x2a8
V  [libjvm.so+0x901ae7]  OopMapCache::compute_one_oop_map(methodHandle, int, InterpreterOopMap*)+0x127
V  [libjvm.so+0x902376]  OopMapCache::lookup(methodHandle, int, InterpreterOopMap*) const+0x5c6
V  [libjvm.so+0x6435f3]  InstanceKlass::mask_for(methodHandle, int, InterpreterOopMap*)+0x83
V  [libjvm.so+0x894921]  Method::mask_for(int, InterpreterOopMap*)+0xb1
V  [libjvm.so+0x7808fa]  VM_GetOrSetLocal::doit()+0x4a
V  [libjvm.so+0xada296]  VM_Operation::evaluate()+0x46
V  [libjvm.so+0xad85cd]  VMThread::evaluate_operation(VM_Operation*) [clone .constprop.44]+0xcd
V  [libjvm.so+0xad8bb3]  VMThread::loop()+0x3a3
V  [libjvm.so+0xad8f88]  VMThread::run()+0x78
V  [libjvm.so+0x90d922]  java_start(Thread*)+0x102

VM_Operation (0x00007f1b6dc529a0): GetOrSetLocal, mode: safepoint, requested by thread 0x00007f1b84194000


---------------  P R O C E S S  ---------------

Java Threads: ( => current thread )
  0x00007f1b1889f800 JavaThread "http-nio-8080-Acceptor-0" daemon [_thread_in_native, id=17011, stack(0x00007f1b6d0c8000,0x00007f1b6d1c9000)]
  0x00007f1b1889e800 JavaThread "http-nio-8080-ClientPoller-1" daemon [_thread_blocked, id=17010, stack(0x00007f1b174ed000,0x00007f1b175ee000)]
  0x00007f1b18884800 JavaThread "http-nio-8080-ClientPoller-0" daemon [_thread_blocked, id=17009, stack(0x00007f1b154dd000,0x00007f1b155de000)]
  0x00007f1b1886a000 JavaThread "http-nio-8080-exec-10" daemon [_thread_blocked, id=17008, stack(0x00007f1b15be4000,0x00007f1b15ce5000)]
  0x00007f1b18869000 JavaThread "http-nio-8080-exec-9" daemon [_thread_blocked, id=17007, stack(0x00007f1b151dc000,0x00007f1b152dd000)]
  0x00007f1b18867800 JavaThread "http-nio-8080-exec-8" daemon [_thread_blocked, id=17006, stack(0x00007f1b6ce1d000,0x00007f1b6cf1e000)]
  0x00007f1b18866000 JavaThread "http-nio-8080-exec-7" daemon [_thread_blocked, id=17005, stack(0x00007f1b158e1000,0x00007f1b159e2000)]
  0x00007f1b18865800 JavaThread "http-nio-8080-exec-6" daemon [_thread_blocked, id=17004, stack(0x00007f1b156df000,0x00007f1b157e0000)]
  0x00007f1b186c1800 JavaThread "http-nio-8080-exec-5" daemon [_thread_blocked, id=17003, stack(0x00007f1b15ae3000,0x00007f1b15be4000)]
  0x00007f1b186c1000 JavaThread "http-nio-8080-exec-4" daemon [_thread_blocked, id=17002, stack(0x00007f1b20058000,0x00007f1b20159000)]
  0x00007f1b186c0000 JavaThread "http-nio-8080-exec-3" daemon [_thread_blocked, id=17001, stack(0x00007f1b157e0000,0x00007f1b158e1000)]
  0x00007f1b186bf800 JavaThread "http-nio-8080-exec-2" daemon [_thread_blocked, id=17000, stack(0x00007f1b15de6000,0x00007f1b15ee7000)]
  0x00007f1b186be800 JavaThread "http-nio-8080-exec-1" daemon [_thread_blocked, id=16999, stack(0x00007f1b159e2000,0x00007f1b15ae3000)]
  0x00007f1b186be000 JavaThread "NioBlockingSelector.BlockPoller-3" daemon [_thread_in_native, id=16998, stack(0x00007f1b163ec000,0x00007f1b164ed000)]
  0x00007f1b186bc000 JavaThread "File Watcher" daemon [_thread_blocked, id=16997, stack(0x00007f1b6cf1e000,0x00007f1b6d01f000)]
  0x00007f1b1868c800 JavaThread "HikariPool-3 housekeeper" daemon [_thread_blocked, id=16989, stack(0x00007f1b155de000,0x00007f1b156df000)]
  0x00007f1b1856a800 JavaThread "container-0" [_thread_blocked, id=16985, stack(0x00007f1b161ea000,0x00007f1b162eb000)]
  0x00007f1b1856a000 JavaThread "Catalina-utility-2" [_thread_blocked, id=16984, stack(0x00007f1b6c81b000,0x00007f1b6c91c000)]
  0x00007f1b18569000 JavaThread "Catalina-utility-1" [_thread_blocked, id=16983, stack(0x00007f1b6c91c000,0x00007f1b6ca1d000)]
  0x00007f1b291e7800 JavaThread "http-nio-8080-exec-2" daemon [_thread_blocked, id=14547, stack(0x00007f1b15fe8000,0x00007f1b160e9000)]
  0x00007f1b291e6800 JavaThread "http-nio-8080-exec-1" daemon [_thread_blocked, id=14546, stack(0x00007f1b160e9000,0x00007f1b161ea000)]
  0x00007f1b287a5000 JavaThread "Live Reload Server" daemon [_thread_in_native, id=14544, stack(0x00007f1b162eb000,0x00007f1b163ec000)]
  0x00007f1b29759800 JavaThread "mysql-cj-abandoned-connection-cleanup" daemon [_thread_blocked, id=14500, stack(0x00007f1b6c03d000,0x00007f1b6c13e000)]
  0x00007f1b84544000 JavaThread "Service Thread" daemon [_thread_blocked, id=14463, stack(0x00007f1b6d2ca000,0x00007f1b6d3cb000)]
  0x00007f1b84538800 JavaThread "C1 CompilerThread2" daemon [_thread_blocked, id=14462, stack(0x00007f1b6d3cc000,0x00007f1b6d4cc000)]
  0x00007f1b84537000 JavaThread "C2 CompilerThread1" daemon [_thread_blocked, id=14461, stack(0x00007f1b6d4cd000,0x00007f1b6d5cd000)]
  0x00007f1b84532800 JavaThread "C2 CompilerThread0" daemon [_thread_blocked, id=14460, stack(0x00007f1b6d5ce000,0x00007f1b6d6ce000)]
  0x00007f1b44001000 JavaThread "JDWP Command Reader" daemon [_thread_in_native, id=14457, stack(0x00007f1b6d951000,0x00007f1b6da52000)]
  0x00007f1b84198000 JavaThread "JDWP Event Helper Thread" daemon [_thread_blocked, id=14454, stack(0x00007f1b6da52000,0x00007f1b6db53000)]
  0x00007f1b84194000 JavaThread "JDWP Transport Listener: dt_socket" daemon [_thread_blocked, id=14453, stack(0x00007f1b6db53000,0x00007f1b6dc54000)]
  0x00007f1b84186800 JavaThread "Signal Dispatcher" daemon [_thread_blocked, id=14451, stack(0x00007f1b6de59000,0x00007f1b6df5a000)]
  0x00007f1b84154000 JavaThread "Finalizer" daemon [_thread_blocked, id=14449, stack(0x00007f1b6df5a000,0x00007f1b6e05b000)]
  0x00007f1b84151800 JavaThread "Reference Handler" daemon [_thread_blocked, id=14448, stack(0x00007f1b6e05b000,0x00007f1b6e15c000)]
  0x00007f1b84012800 JavaThread "main" [_thread_blocked, id=14441, stack(0x00007f1b8bb0a000,0x00007f1b8bc0a000)]

Other Threads:
=>0x00007f1b84148000 VMThread [stack: 0x00007f1b6e15d000,0x00007f1b6e25d000] [id=14447]
  0x00007f1b84546800 WatcherThread [stack: 0x00007f1b6d1ca000,0x00007f1b6d2ca000] [id=14464]

VM state:at safepoint (normal execution)

VM Mutex/Monitor currently owned by a thread:  ([mutex/lock_event])
[0x00007f1b8400d120] Threads_lock - owner thread: 0x00007f1b84148000

heap address: 0x0000000085200000, size: 1966 MB, Compressed Oops mode: 32-bit
Narrow klass base: 0x0000000000000000, Narrow klass shift: 3
Compressed class space size: 1073741824 Address: 0x0000000100000000

Heap:
 PSYoungGen      total 498176K, used 422841K [0x00000000d7100000, 0x00000000fd880000, 0x0000000100000000)
  eden space 492032K, 84% used [0x00000000d7100000,0x00000000f08625e0,0x00000000f5180000)
  from space 6144K, 92% used [0x00000000fc100000,0x00000000fc68c130,0x00000000fc700000)
  to   space 13824K, 0% used [0x00000000fcb00000,0x00000000fcb00000,0x00000000fd880000)
 ParOldGen       total 102400K, used 22286K [0x0000000085200000, 0x000000008b600000, 0x00000000d7100000)
  object space 102400K, 21% used [0x0000000085200000,0x00000000867c3a90,0x000000008b600000)
 Metaspace       used 60923K, capacity 63860K, committed 64000K, reserved 1103872K
  class space    used 8027K, capacity 8583K, committed 8704K, reserved 1048576K

Card table byte_map: [0x00007f1b74220000,0x00007f1b745f8000] byte_map_base: 0x00007f1b73df7000

Marking Bits: (ParMarkBitMap*) 0x00007f1b8afb9d80
 Begin Bits: [0x00007f1b6ff1d000, 0x00007f1b71dd5000)
 End Bits:   [0x00007f1b71dd5000, 0x00007f1b73c8d000)

Polling page: 0x00007f1b8bc29000

CodeCache: size=245760Kb used=18633Kb max_used=18663Kb free=227126Kb
 bounds [0x00007f1b749b8000, 0x00007f1b75c18000, 0x00007f1b839b8000]
 total_blobs=6489 nmethods=5973 adapters=436
 compilation: enabled

Compilation events (10 events):
Event: 460,657 Thread 0x00007f1b84538800 6925       3       java.util.TreeMap::keyIterator (13 bytes)
Event: 460,658 Thread 0x00007f1b84538800 nmethod 6925 0x00007f1b74d188d0 code [0x00007f1b74d18a60, 0x00007f1b74d18f50]
Event: 460,658 Thread 0x00007f1b84538800 6926       3       java.util.TreeMap$KeyIterator::<init> (12 bytes)
Event: 460,659 Thread 0x00007f1b84538800 nmethod 6926 0x00007f1b74d1b210 code [0x00007f1b74d1b380, 0x00007f1b74d1b5f0]
Event: 510,658 Thread 0x00007f1b84537000 6927       4       java.util.concurrent.ConcurrentHashMap$BaseIterator::hasNext (13 bytes)
Event: 510,659 Thread 0x00007f1b84537000 nmethod 6927 0x00007f1b74e1fa90 code [0x00007f1b74e1fbe0, 0x00007f1b74e1fc58]
Event: 514,081 Thread 0x00007f1b84532800 6928       4       java.util.HashMap$EntryIterator::next (5 bytes)
Event: 514,089 Thread 0x00007f1b84532800 nmethod 6928 0x00007f1b74d196d0 code [0x00007f1b74d19820, 0x00007f1b74d19a78]
Event: 520,658 Thread 0x00007f1b84538800 6929       3       java.util.concurrent.atomic.AtomicLong::get (5 bytes)
Event: 520,659 Thread 0x00007f1b84538800 nmethod 6929 0x00007f1b74b568d0 code [0x00007f1b74b56a20, 0x00007f1b74b56b70]

GC Heap History (10 events):
Event: 199,994 GC heap before
{Heap before GC invocations=20 (full 4):
 PSYoungGen      total 476160K, used 230150K [0x00000000d7100000, 0x00000000f9e80000, 0x0000000100000000)
  eden space 458752K, 48% used [0x00000000d7100000,0x00000000e4aa9f18,0x00000000f3100000)
  from space 17408K, 41% used [0x00000000f3100000,0x00000000f3817b40,0x00000000f4200000)
  to   space 16384K, 0% used [0x00000000f8e80000,0x00000000f8e80000,0x00000000f9e80000)
 ParOldGen       total 102400K, used 20234K [0x0000000085200000, 0x000000008b600000, 0x00000000d7100000)
  object space 102400K, 19% used [0x0000000085200000,0x00000000865c2958,0x000000008b600000)
 Metaspace       used 60207K, capacity 63016K, committed 63104K, reserved 1103872K
  class space    used 7991K, capacity 8493K, committed 8576K, reserved 1048576K
Event: 199,998 GC heap after
Heap after GC invocations=20 (full 4):
 PSYoungGen      total 554496K, used 3024K [0x00000000d7100000, 0x00000000f9e80000, 0x0000000100000000)
  eden space 538112K, 0% used [0x00000000d7100000,0x00000000d7100000,0x00000000f7e80000)
  from space 16384K, 18% used [0x00000000f8e80000,0x00000000f91740a0,0x00000000f9e80000)
  to   space 16384K, 0% used [0x00000000f7e80000,0x00000000f7e80000,0x00000000f8e80000)
 ParOldGen       total 102400K, used 20234K [0x0000000085200000, 0x000000008b600000, 0x00000000d7100000)
  object space 102400K, 19% used [0x0000000085200000,0x00000000865c2958,0x000000008b600000)
 Metaspace       used 60207K, capacity 63016K, committed 63104K, reserved 1103872K
  class space    used 7991K, capacity 8493K, committed 8576K, reserved 1048576K
}
Event: 199,998 GC heap before
{Heap before GC invocations=21 (full 5):
 PSYoungGen      total 554496K, used 3024K [0x00000000d7100000, 0x00000000f9e80000, 0x0000000100000000)
  eden space 538112K, 0% used [0x00000000d7100000,0x00000000d7100000,0x00000000f7e80000)
  from space 16384K, 18% used [0x00000000f8e80000,0x00000000f91740a0,0x00000000f9e80000)
  to   space 16384K, 0% used [0x00000000f7e80000,0x00000000f7e80000,0x00000000f8e80000)
 ParOldGen       total 102400K, used 20234K [0x0000000085200000, 0x000000008b600000, 0x00000000d7100000)
  object space 102400K, 19% used [0x0000000085200000,0x00000000865c2958,0x000000008b600000)
 Metaspace       used 60207K, capacity 63016K, committed 63104K, reserved 1103872K
  class space    used 7991K, capacity 8493K, committed 8576K, reserved 1048576K
Event: 200,128 GC heap after
Heap after GC invocations=21 (full 5):
 PSYoungGen      total 554496K, used 0K [0x00000000d7100000, 0x00000000f9e80000, 0x0000000100000000)
  eden space 538112K, 0% used [0x00000000d7100000,0x00000000d7100000,0x00000000f7e80000)
  from space 16384K, 0% used [0x00000000f8e80000,0x00000000f8e80000,0x00000000f9e80000)
  to   space 16384K, 0% used [0x00000000f7e80000,0x00000000f7e80000,0x00000000f8e80000)
 ParOldGen       total 102400K, used 22262K [0x0000000085200000, 0x000000008b600000, 0x00000000d7100000)
  object space 102400K, 21% used [0x0000000085200000,0x00000000867bda90,0x000000008b600000)
 Metaspace       used 60207K, capacity 63016K, committed 63104K, reserved 1103872K
  class space    used 7991K, capacity 8493K, committed 8576K, reserved 1048576K
}
Event: 265,509 GC heap before
{Heap before GC invocations=22 (full 5):
 PSYoungGen      total 554496K, used 538112K [0x00000000d7100000, 0x00000000f9e80000, 0x0000000100000000)
  eden space 538112K, 100% used [0x00000000d7100000,0x00000000f7e80000,0x00000000f7e80000)
  from space 16384K, 0% used [0x00000000f8e80000,0x00000000f8e80000,0x00000000f9e80000)
  to   space 16384K, 0% used [0x00000000f7e80000,0x00000000f7e80000,0x00000000f8e80000)
 ParOldGen       total 102400K, used 22262K [0x0000000085200000, 0x000000008b600000, 0x00000000d7100000)
  object space 102400K, 21% used [0x0000000085200000,0x00000000867bda90,0x000000008b600000)
 Metaspace       used 60831K, capacity 63748K, committed 63872K, reserved 1103872K
  class space    used 8016K, capacity 8547K, committed 8576K, reserved 1048576K
Event: 265,533 GC heap after
Heap after GC invocations=22 (full 5):
 PSYoungGen      total 554496K, used 7236K [0x00000000d7100000, 0x00000000fe700000, 0x0000000100000000)
  eden space 538112K, 0% used [0x00000000d7100000,0x00000000d7100000,0x00000000f7e80000)
  from space 16384K, 44% used [0x00000000f7e80000,0x00000000f85910d8,0x00000000f8e80000)
  to   space 15360K, 0% used [0x00000000fd800000,0x00000000fd800000,0x00000000fe700000)
 ParOldGen       total 102400K, used 22270K [0x0000000085200000, 0x000000008b600000, 0x00000000d7100000)
  object space 102400K, 21% used [0x0000000085200000,0x00000000867bfa90,0x000000008b600000)
 Metaspace       used 60831K, capacity 63748K, committed 63872K, reserved 1103872K
  class space    used 8016K, capacity 8547K, committed 8576K, reserved 1048576K
}
Event: 360,723 GC heap before
{Heap before GC invocations=23 (full 5):
 PSYoungGen      total 554496K, used 545348K [0x00000000d7100000, 0x00000000fe700000, 0x0000000100000000)
  eden space 538112K, 100% used [0x00000000d7100000,0x00000000f7e80000,0x00000000f7e80000)
  from space 16384K, 44% used [0x00000000f7e80000,0x00000000f85910d8,0x00000000f8e80000)
  to   space 15360K, 0% used [0x00000000fd800000,0x00000000fd800000,0x00000000fe700000)
 ParOldGen       total 102400K, used 22270K [0x0000000085200000, 0x000000008b600000, 0x00000000d7100000)
  object space 102400K, 21% used [0x0000000085200000,0x00000000867bfa90,0x000000008b600000)
 Metaspace       used 60843K, capacity 63748K, committed 63872K, reserved 1103872K
  class space    used 8016K, capacity 8547K, committed 8576K, reserved 1048576K
Event: 360,727 GC heap after
Heap after GC invocations=23 (full 5):
 PSYoungGen      total 520704K, used 6064K [0x00000000d7100000, 0x00000000fde00000, 0x0000000100000000)
  eden space 514560K, 0% used [0x00000000d7100000,0x00000000d7100000,0x00000000f6780000)
  from space 6144K, 98% used [0x00000000fd800000,0x00000000fddec150,0x00000000fde00000)
  to   space 14848K, 0% used [0x00000000fc100000,0x00000000fc100000,0x00000000fcf80000)
 ParOldGen       total 102400K, used 22278K [0x0000000085200000, 0x000000008b600000, 0x00000000d7100000)
  object space 102400K, 21% used [0x0000000085200000,0x00000000867c1a90,0x000000008b600000)
 Metaspace       used 60843K, capacity 63748K, committed 63872K, reserved 1103872K
  class space    used 8016K, capacity 8547K, committed 8576K, reserved 1048576K
}
Event: 453,400 GC heap before
{Heap before GC invocations=24 (full 5):
 PSYoungGen      total 520704K, used 520624K [0x00000000d7100000, 0x00000000fde00000, 0x0000000100000000)
  eden space 514560K, 100% used [0x00000000d7100000,0x00000000f6780000,0x00000000f6780000)
  from space 6144K, 98% used [0x00000000fd800000,0x00000000fddec150,0x00000000fde00000)
  to   space 14848K, 0% used [0x00000000fc100000,0x00000000fc100000,0x00000000fcf80000)
 ParOldGen       total 102400K, used 22278K [0x0000000085200000, 0x000000008b600000, 0x00000000d7100000)
  object space 102400K, 21% used [0x0000000085200000,0x00000000867c1a90,0x000000008b600000)
 Metaspace       used 60860K, capacity 63748K, committed 63872K, reserved 1103872K
  class space    used 8016K, capacity 8547K, committed 8576K, reserved 1048576K
Event: 453,404 GC heap after
Heap after GC invocations=24 (full 5):
 PSYoungGen      total 498176K, used 5680K [0x00000000d7100000, 0x00000000fd880000, 0x0000000100000000)
  eden space 492032K, 0% used [0x00000000d7100000,0x00000000d7100000,0x00000000f5180000)
  from space 6144K, 92% used [0x00000000fc100000,0x00000000fc68c130,0x00000000fc700000)
  to   space 13824K, 0% used [0x00000000fcb00000,0x00000000fcb00000,0x00000000fd880000)
 ParOldGen       total 102400K, used 22286K [0x0000000085200000, 0x000000008b600000, 0x00000000d7100000)
  object space 102400K, 21% used [0x0000000085200000,0x00000000867c3a90,0x000000008b600000)
 Metaspace       used 60860K, capacity 63748K, committed 63872K, reserved 1103872K
  class space    used 8016K, capacity 8547K, committed 8576K, reserved 1048576K
}

Deoptimization events (10 events):
Event: 201,015 Thread 0x00007f1b0401c800 Uncommon trap: reason=unhandled action=none pc=0x00007f1b751732d0 method=java.net.URLClassLoader.findClass(Ljava/lang/String;)Ljava/lang/Class; @ 44
Event: 201,015 Thread 0x00007f1b0401c800 Uncommon trap: reason=unhandled action=none pc=0x00007f1b751732d0 method=java.net.URLClassLoader.findClass(Ljava/lang/String;)Ljava/lang/Class; @ 44
Event: 201,015 Thread 0x00007f1b0401c800 Uncommon trap: reason=unhandled action=none pc=0x00007f1b751732d0 method=java.net.URLClassLoader.findClass(Ljava/lang/String;)Ljava/lang/Class; @ 44
Event: 201,016 Thread 0x00007f1b0401c800 Uncommon trap: reason=unhandled action=none pc=0x00007f1b751732d0 method=java.net.URLClassLoader.findClass(Ljava/lang/String;)Ljava/lang/Class; @ 44
Event: 201,016 Thread 0x00007f1b0401c800 Uncommon trap: reason=unhandled action=none pc=0x00007f1b751732d0 method=java.net.URLClassLoader.findClass(Ljava/lang/String;)Ljava/lang/Class; @ 44
Event: 201,016 Thread 0x00007f1b0401c800 Uncommon trap: reason=unhandled action=none pc=0x00007f1b751732d0 method=java.net.URLClassLoader.findClass(Ljava/lang/String;)Ljava/lang/Class; @ 44
Event: 201,016 Thread 0x00007f1b0401c800 Uncommon trap: reason=unhandled action=none pc=0x00007f1b751732d0 method=java.net.URLClassLoader.findClass(Ljava/lang/String;)Ljava/lang/Class; @ 44
Event: 201,020 Thread 0x00007f1b0401c800 Uncommon trap: reason=range_check action=none pc=0x00007f1b74d8d2a4 method=sun.reflect.generics.parser.SignatureParser.current()C @ 34
Event: 201,041 Thread 0x00007f1b0401c800 Uncommon trap: reason=range_check action=none pc=0x00007f1b74d8d2a4 method=sun.reflect.generics.parser.SignatureParser.current()C @ 34
Event: 201,045 Thread 0x00007f1b0401c800 Uncommon trap: reason=range_check action=none pc=0x00007f1b74d8d2a4 method=sun.reflect.generics.parser.SignatureParser.current()C @ 34

Classes redefined (6 events):
Event: 106,632 Thread 0x00007f1b84148000 redefined class name=com.jsp.demo5.controller.Default, count=1
Event: 198,435 Thread 0x00007f1b84148000 redefined class name=com.jsp.demo5.controller.Default, count=2
Event: 198,451 Thread 0x00007f1b84148000 redefined class name=com.jsp.demo5.controller.Default, count=1
Event: 526,409 Thread 0x00007f1b84148000 redefined class name=com.jsp.demo5.controller.Default, count=3
Event: 526,429 Thread 0x00007f1b84148000 redefined class name=com.jsp.demo5.controller.Default, count=1
Event: 526,448 Thread 0x00007f1b84148000 redefined class name=com.jsp.demo5.controller.Default, count=2

Internal exceptions (10 events):
Event: 200,988 Thread 0x00007f1b0401c800 Exception <a 'java/lang/ArrayIndexOutOfBoundsException': 97> (0x00000000dffd3be8) thrown at [/HUDSON/workspace/8-2-build-linux-amd64/jdk8u201/12317/hotspot/src/share/vm/interpreter/interpreterRuntime.cpp, line 368]
Event: 200,988 Thread 0x00007f1b0401c800 Exception <a 'java/lang/ArrayIndexOutOfBoundsException': 40> (0x00000000dffd5ea8) thrown at [/HUDSON/workspace/8-2-build-linux-amd64/jdk8u201/12317/hotspot/src/share/vm/interpreter/interpreterRuntime.cpp, line 368]
Event: 200,988 Thread 0x00007f1b0401c800 Exception <a 'java/lang/ArrayIndexOutOfBoundsException': 47> (0x00000000dffd7498) thrown at [/HUDSON/workspace/8-2-build-linux-amd64/jdk8u201/12317/hotspot/src/share/vm/interpreter/interpreterRuntime.cpp, line 368]
Event: 200,988 Thread 0x00007f1b0401c800 Exception <a 'java/lang/ArrayIndexOutOfBoundsException': 63> (0x00000000dffd8f70) thrown at [/HUDSON/workspace/8-2-build-linux-amd64/jdk8u201/12317/hotspot/src/share/vm/interpreter/interpreterRuntime.cpp, line 368]
Event: 200,990 Thread 0x00007f1b0401c800 Exception <a 'java/lang/ArrayIndexOutOfBoundsException': 137> (0x00000000e00132d8) thrown at [/HUDSON/workspace/8-2-build-linux-amd64/jdk8u201/12317/hotspot/src/share/vm/interpreter/interpreterRuntime.cpp, line 368]
Event: 201,020 Thread 0x00007f1b0401c800 Exception <a 'java/lang/ArrayIndexOutOfBoundsException': 123> (0x00000000e0351ec8) thrown at [/HUDSON/workspace/8-2-build-linux-amd64/jdk8u201/12317/hotspot/src/share/vm/interpreter/interpreterRuntime.cpp, line 368]
Event: 201,041 Thread 0x00007f1b0401c800 Exception <a 'java/lang/ArrayIndexOutOfBoundsException': 159> (0x00000000e0601660) thrown at [/HUDSON/workspace/8-2-build-linux-amd64/jdk8u201/12317/hotspot/src/share/vm/interpreter/interpreterRuntime.cpp, line 368]
Event: 201,045 Thread 0x00007f1b0401c800 Exception <a 'java/lang/ArrayIndexOutOfBoundsException': 234> (0x00000000e0662160) thrown at [/HUDSON/workspace/8-2-build-linux-amd64/jdk8u201/12317/hotspot/src/share/vm/interpreter/interpreterRuntime.cpp, line 368]
Event: 504,507 Thread 0x00007f1b291e7800 Exception <a 'java/lang/ArrayIndexOutOfBoundsException': 26> (0x00000000e8d093f0) thrown at [/HUDSON/workspace/8-2-build-linux-amd64/jdk8u201/12317/hotspot/src/share/vm/interpreter/interpreterRuntime.cpp, line 368]
Event: 506,156 Thread 0x00007f1b291e7800 Exception <a 'java/lang/reflect/InvocationTargetException'> (0x00000000e8d49208) thrown at [/HUDSON/workspace/8-2-build-linux-amd64/jdk8u201/12317/hotspot/src/share/vm/runtime/reflection.cpp, line 1092]

Events (10 events):
Event: 526,468 Executing VM operation: ChangeBreakpoints done
Event: 526,470 Executing VM operation: EnterInterpOnlyMode
Event: 526,470 Executing nested VM operation: Deoptimize
Event: 526,470 Executing nested VM operation: Deoptimize done
Event: 526,470 Executing VM operation: EnterInterpOnlyMode done
Event: 526,470 Executing VM operation: GetCurrentLocation
Event: 526,471 Executing VM operation: GetCurrentLocation done
Event: 526,471 Executing VM operation: ChangeSingleStep
Event: 526,471 Executing VM operation: ChangeSingleStep done
Event: 526,471 Executing VM operation: GetOrSetLocal


Dynamic libraries:
00400000-00401000 r-xp 00000000 08:15 6292163                            /usr/lib/jvm/java-8-oracle/bin/java
00600000-00601000 r--p 00000000 08:15 6292163                            /usr/lib/jvm/java-8-oracle/bin/java
00601000-00602000 rw-p 00001000 08:15 6292163                            /usr/lib/jvm/java-8-oracle/bin/java
006ae000-006cf000 rw-p 00000000 00:00 0                                  [heap]
85200000-8b600000 rw-p 00000000 00:00 0 
8b600000-d7100000 ---p 00000000 00:00 0 
d7100000-fd880000 rw-p 00000000 00:00 0 
fd880000-100000000 ---p 00000000 00:00 0 
100000000-100880000 rw-p 00000000 00:00 0 
100880000-140000000 ---p 00000000 00:00 0 
7f1ae8000000-7f1ae805e000 rw-p 00000000 00:00 0 
7f1ae805e000-7f1aec000000 ---p 00000000 00:00 0 
7f1af0000000-7f1af01dd000 rw-p 00000000 00:00 0 
7f1af01dd000-7f1af4000000 ---p 00000000 00:00 0 
7f1af4000000-7f1af4080000 rw-p 00000000 00:00 0 
7f1af4080000-7f1af8000000 ---p 00000000 00:00 0 
7f1af8000000-7f1af8021000 rw-p 00000000 00:00 0 
7f1af8021000-7f1afc000000 ---p 00000000 00:00 0 
7f1afc000000-7f1afc021000 rw-p 00000000 00:00 0 
7f1afc021000-7f1b00000000 ---p 00000000 00:00 0 
7f1b00000000-7f1b00021000 rw-p 00000000 00:00 0 
7f1b00021000-7f1b04000000 ---p 00000000 00:00 0 
7f1b04000000-7f1b04075000 rw-p 00000000 00:00 0 
7f1b04075000-7f1b08000000 ---p 00000000 00:00 0 
7f1b08000000-7f1b082a5000 rw-p 00000000 00:00 0 
7f1b082a5000-7f1b0c000000 ---p 00000000 00:00 0 
7f1b0c000000-7f1b0c04f000 rw-p 00000000 00:00 0 
7f1b0c04f000-7f1b10000000 ---p 00000000 00:00 0 
7f1b10000000-7f1b10021000 rw-p 00000000 00:00 0 
7f1b10021000-7f1b14000000 ---p 00000000 00:00 0 
7f1b150db000-7f1b150de000 ---p 00000000 00:00 0 
7f1b150de000-7f1b151dc000 rw-p 00000000 00:00 0 
7f1b151dc000-7f1b151df000 ---p 00000000 00:00 0 
7f1b151df000-7f1b154dd000 rw-p 00000000 00:00 0 
7f1b154dd000-7f1b154e0000 ---p 00000000 00:00 0 
7f1b154e0000-7f1b155de000 rw-p 00000000 00:00 0 
7f1b155de000-7f1b155e1000 ---p 00000000 00:00 0 
7f1b155e1000-7f1b156df000 rw-p 00000000 00:00 0 
7f1b156df000-7f1b156e2000 ---p 00000000 00:00 0 
7f1b156e2000-7f1b157e0000 rw-p 00000000 00:00 0 
7f1b157e0000-7f1b157e3000 ---p 00000000 00:00 0 
7f1b157e3000-7f1b158e1000 rw-p 00000000 00:00 0 
7f1b158e1000-7f1b158e4000 ---p 00000000 00:00 0 
7f1b158e4000-7f1b159e2000 rw-p 00000000 00:00 0 
7f1b159e2000-7f1b159e5000 ---p 00000000 00:00 0 
7f1b159e5000-7f1b15ae3000 rw-p 00000000 00:00 0 
7f1b15ae3000-7f1b15ae6000 ---p 00000000 00:00 0 
7f1b15ae6000-7f1b15be4000 rw-p 00000000 00:00 0 
7f1b15be4000-7f1b15be7000 ---p 00000000 00:00 0 
7f1b15be7000-7f1b15ce5000 rw-p 00000000 00:00 0 
7f1b15ce5000-7f1b15ce8000 ---p 00000000 00:00 0 
7f1b15ce8000-7f1b15de6000 rw-p 00000000 00:00 0 
7f1b15de6000-7f1b15de9000 ---p 00000000 00:00 0 
7f1b15de9000-7f1b15ee7000 rw-p 00000000 00:00 0 
7f1b15ee7000-7f1b15eea000 ---p 00000000 00:00 0 
7f1b15eea000-7f1b15fe8000 rw-p 00000000 00:00 0 
7f1b15fe8000-7f1b15feb000 ---p 00000000 00:00 0 
7f1b15feb000-7f1b160e9000 rw-p 00000000 00:00 0 
7f1b160e9000-7f1b160ec000 ---p 00000000 00:00 0 
7f1b160ec000-7f1b161ea000 rw-p 00000000 00:00 0 
7f1b161ea000-7f1b161ed000 ---p 00000000 00:00 0 
7f1b161ed000-7f1b162eb000 rw-p 00000000 00:00 0 
7f1b162eb000-7f1b162ee000 ---p 00000000 00:00 0 
7f1b162ee000-7f1b163ec000 rw-p 00000000 00:00 0 
7f1b163ec000-7f1b163ef000 ---p 00000000 00:00 0 
7f1b163ef000-7f1b166ed000 rw-p 00000000 00:00 0 
7f1b166ed000-7f1b168ed000 rw-p 00000000 00:00 0 
7f1b168ed000-7f1b16aed000 rw-p 00000000 00:00 0 
7f1b16aed000-7f1b16ced000 rw-p 00000000 00:00 0 
7f1b16ced000-7f1b16eed000 rw-p 00000000 00:00 0 
7f1b16eed000-7f1b170ed000 rw-p 00000000 00:00 0 
7f1b170ed000-7f1b172ed000 rw-p 00000000 00:00 0 
7f1b172ed000-7f1b174ed000 rw-p 00000000 00:00 0 
7f1b174ed000-7f1b174f0000 ---p 00000000 00:00 0 
7f1b174f0000-7f1b177ee000 rw-p 00000000 00:00 0 
7f1b177ee000-7f1b179ee000 rw-p 00000000 00:00 0 
7f1b17a00000-7f1b17c00000 rw-p 00000000 00:00 0 
7f1b17c00000-7f1b17e00000 rw-p 00000000 00:00 0 
7f1b17e00000-7f1b18000000 rw-p 00000000 00:00 0 
7f1b18000000-7f1b188a1000 rw-p 00000000 00:00 0 
7f1b188a1000-7f1b1c000000 ---p 00000000 00:00 0 
7f1b1c000000-7f1b1cad1000 rw-p 00000000 00:00 0 
7f1b1cad1000-7f1b20000000 ---p 00000000 00:00 0 
7f1b20058000-7f1b2005b000 ---p 00000000 00:00 0 
7f1b2005b000-7f1b20359000 rw-p 00000000 00:00 0 
7f1b20359000-7f1b20559000 rw-p 00000000 00:00 0 
7f1b20559000-7f1b20759000 rw-p 00000000 00:00 0 
7f1b20759000-7f1b2076a000 r-xp 00000000 08:15 6300650                    /usr/lib/jvm/java-8-oracle/jre/lib/amd64/libnio.so
7f1b2076a000-7f1b20969000 ---p 00011000 08:15 6300650                    /usr/lib/jvm/java-8-oracle/jre/lib/amd64/libnio.so
7f1b20969000-7f1b2096a000 r--p 00010000 08:15 6300650                    /usr/lib/jvm/java-8-oracle/jre/lib/amd64/libnio.so
7f1b2096a000-7f1b2096b000 rw-p 00011000 08:15 6300650                    /usr/lib/jvm/java-8-oracle/jre/lib/amd64/libnio.so
7f1b2096b000-7f1b20b6b000 rw-p 00000000 00:00 0 
7f1b20bff000-7f1b20dff000 rw-p 00000000 00:00 0 
7f1b20dff000-7f1b20fff000 rw-p 00000000 00:00 0 
7f1b20fff000-7f1b24000000 rw-p 00000000 00:00 0 
7f1b24000000-7f1b24041000 rw-p 00000000 00:00 0 
7f1b24041000-7f1b28000000 ---p 00000000 00:00 0 
7f1b28000000-7f1b29e85000 rw-p 00000000 00:00 0 
7f1b29e85000-7f1b2c000000 ---p 00000000 00:00 0 
7f1b2c000000-7f1b2c021000 rw-p 00000000 00:00 0 
7f1b2c021000-7f1b30000000 ---p 00000000 00:00 0 
7f1b30000000-7f1b30021000 rw-p 00000000 00:00 0 
7f1b30021000-7f1b34000000 ---p 00000000 00:00 0 
7f1b34000000-7f1b36a2e000 rw-p 00000000 00:00 0 
7f1b36a2e000-7f1b38000000 ---p 00000000 00:00 0 
7f1b38000000-7f1b39402000 rw-p 00000000 00:00 0 
7f1b39402000-7f1b3c000000 ---p 00000000 00:00 0 
7f1b3c000000-7f1b3c021000 rw-p 00000000 00:00 0 
7f1b3c021000-7f1b40000000 ---p 00000000 00:00 0 
7f1b40000000-7f1b4207c000 rw-p 00000000 00:00 0 
7f1b4207c000-7f1b44000000 ---p 00000000 00:00 0 
7f1b44000000-7f1b4409a000 rw-p 00000000 00:00 0 
7f1b4409a000-7f1b48000000 ---p 00000000 00:00 0 
7f1b48000000-7f1b4803f000 rw-p 00000000 00:00 0 
7f1b4803f000-7f1b4c000000 ---p 00000000 00:00 0 
7f1b4c000000-7f1b4c021000 rw-p 00000000 00:00 0 
7f1b4c021000-7f1b50000000 ---p 00000000 00:00 0 
7f1b50000000-7f1b50021000 rw-p 00000000 00:00 0 
7f1b50021000-7f1b54000000 ---p 00000000 00:00 0 
7f1b54000000-7f1b54332000 rw-p 00000000 00:00 0 
7f1b54332000-7f1b58000000 ---p 00000000 00:00 0 
7f1b58000000-7f1b58021000 rw-p 00000000 00:00 0 
7f1b58021000-7f1b5c000000 ---p 00000000 00:00 0 
7f1b5c000000-7f1b5c021000 rw-p 00000000 00:00 0 
7f1b5c021000-7f1b60000000 ---p 00000000 00:00 0 
7f1b60000000-7f1b6002b000 rw-p 00000000 00:00 0 
7f1b6002b000-7f1b64000000 ---p 00000000 00:00 0 
7f1b64000000-7f1b64021000 rw-p 00000000 00:00 0 
7f1b64021000-7f1b68000000 ---p 00000000 00:00 0 
7f1b68000000-7f1b68021000 rw-p 00000000 00:00 0 
7f1b68021000-7f1b6c000000 ---p 00000000 00:00 0 
7f1b6c03d000-7f1b6c040000 ---p 00000000 00:00 0 
7f1b6c040000-7f1b6c13e000 rw-p 00000000 00:00 0 
7f1b6c13e000-7f1b6c154000 r-xp 00000000 08:15 6300647                    /usr/lib/jvm/java-8-oracle/jre/lib/amd64/libnet.so
7f1b6c154000-7f1b6c354000 ---p 00016000 08:15 6300647                    /usr/lib/jvm/java-8-oracle/jre/lib/amd64/libnet.so
7f1b6c354000-7f1b6c355000 r--p 00016000 08:15 6300647                    /usr/lib/jvm/java-8-oracle/jre/lib/amd64/libnet.so
7f1b6c355000-7f1b6c356000 rw-p 00017000 08:15 6300647                    /usr/lib/jvm/java-8-oracle/jre/lib/amd64/libnet.so
7f1b6c356000-7f1b6c35f000 r-xp 00000000 08:15 6300655                    /usr/lib/jvm/java-8-oracle/jre/lib/amd64/libmanagement.so
7f1b6c35f000-7f1b6c55e000 ---p 00009000 08:15 6300655                    /usr/lib/jvm/java-8-oracle/jre/lib/amd64/libmanagement.so
7f1b6c55e000-7f1b6c55f000 r--p 00008000 08:15 6300655                    /usr/lib/jvm/java-8-oracle/jre/lib/amd64/libmanagement.so
7f1b6c55f000-7f1b6c560000 rw-p 00009000 08:15 6300655                    /usr/lib/jvm/java-8-oracle/jre/lib/amd64/libmanagement.so
7f1b6c560000-7f1b6c760000 rw-p 00000000 00:00 0 
7f1b6c81b000-7f1b6c81e000 ---p 00000000 00:00 0 
7f1b6c81e000-7f1b6c91c000 rw-p 00000000 00:00 0 
7f1b6c91c000-7f1b6c91f000 ---p 00000000 00:00 0 
7f1b6c91f000-7f1b6cc1d000 rw-p 00000000 00:00 0 
7f1b6cc1d000-7f1b6ce1d000 rw-p 00000000 00:00 0 
7f1b6ce1d000-7f1b6ce20000 ---p 00000000 00:00 0 
7f1b6ce20000-7f1b6cf1e000 rw-p 00000000 00:00 0 
7f1b6cf1e000-7f1b6cf21000 ---p 00000000 00:00 0 
7f1b6cf21000-7f1b6d01f000 rw-p 00000000 00:00 0 
7f1b6d02d000-7f1b6d032000 r--s 002f9000 08:15 6300428                    /usr/lib/jvm/java-8-oracle/jre/lib/charsets.jar
7f1b6d032000-7f1b6d0c8000 r--s 0110e000 08:15 6300492                    /usr/lib/jvm/java-8-oracle/jre/lib/ext/jfxrt.jar
7f1b6d0c8000-7f1b6d0cb000 ---p 00000000 00:00 0 
7f1b6d0cb000-7f1b6d1c9000 rw-p 00000000 00:00 0 
7f1b6d1c9000-7f1b6d1ca000 ---p 00000000 00:00 0 
7f1b6d1ca000-7f1b6d2ca000 rw-p 00000000 00:00 0 
7f1b6d2ca000-7f1b6d2cd000 ---p 00000000 00:00 0 
7f1b6d2cd000-7f1b6d3cb000 rw-p 00000000 00:00 0 
7f1b6d3cb000-7f1b6d3cc000 ---p 00000000 00:00 0 
7f1b6d3cc000-7f1b6d3cf000 ---p 00000000 00:00 0 
7f1b6d3cf000-7f1b6d4cc000 rw-p 00000000 00:00 0 
7f1b6d4cc000-7f1b6d4cd000 ---p 00000000 00:00 0 
7f1b6d4cd000-7f1b6d4d0000 ---p 00000000 00:00 0 
7f1b6d4d0000-7f1b6d5cd000 rw-p 00000000 00:00 0 
7f1b6d5cd000-7f1b6d5ce000 ---p 00000000 00:00 0 
7f1b6d5ce000-7f1b6d5d1000 ---p 00000000 00:00 0 
7f1b6d5d1000-7f1b6d6ce000 rw-p 00000000 00:00 0 
7f1b6d6ce000-7f1b6d6e1000 r--s 00345000 08:15 6300468                    /usr/lib/jvm/java-8-oracle/jre/lib/resources.jar
7f1b6d6e1000-7f1b6d6e4000 r--s 0001a000 08:15 6300663                    /usr/lib/jvm/java-8-oracle/jre/lib/jce.jar
7f1b6d6e4000-7f1b6d6e8000 r--s 000a1000 08:15 6300487                    /usr/lib/jvm/java-8-oracle/jre/lib/jsse.jar
7f1b6d6e8000-7f1b6d6ea000 r--s 0001f000 08:15 4592409                    /home/yvan/.eclipse/360744294_linux_gtk_x86_64/configuration/org.eclipse.osgi/219/0/.cp/lib/javaagent-shaded.jar
7f1b6d6ea000-7f1b6d6f4000 r--s 0005c000 08:15 10750717                   /home/yvan/.m2/repository/javax/servlet/jstl/1.2/jstl-1.2.jar
7f1b6d6f4000-7f1b6d6f5000 r--s 00005000 08:15 4592074                    /home/yvan/.m2/repository/org/springframework/spring-jcl/5.1.7.RELEASE/spring-jcl-5.1.7.RELEASE.jar
7f1b6d6f5000-7f1b6d70e000 r--s 00123000 08:15 4592072                    /home/yvan/.m2/repository/org/springframework/spring-core/5.1.7.RELEASE/spring-core-5.1.7.RELEASE.jar
7f1b6d70e000-7f1b6d726000 r--s 00218000 08:15 4592055                    /home/yvan/.m2/repository/mysql/mysql-connector-java/8.0.16/mysql-connector-java-8.0.16.jar
7f1b6d726000-7f1b6d74a000 r--s 00111000 08:15 4592005                    /home/yvan/.m2/repository/org/springframework/boot/spring-boot-autoconfigure/2.1.5.RELEASE/spring-boot-autoconfigure-2.1.5.RELEASE.jar
7f1b6d74a000-7f1b6d75f000 r--s 000d4000 08:15 4592003                    /home/yvan/.m2/repository/org/springframework/boot/spring-boot/2.1.5.RELEASE/spring-boot-2.1.5.RELEASE.jar
7f1b6d75f000-7f1b6d765000 r--s 0002e000 08:15 7882408                    /home/yvan/.m2/repository/org/springframework/boot/spring-boot-devtools/2.1.5.RELEASE/spring-boot-devtools-2.1.5.RELEASE.jar
7f1b6d765000-7f1b6d77d000 r--s 00299000 08:15 9964621                    /home/yvan/.m2/repository/org/eclipse/jdt/ecj/3.16.0/ecj-3.16.0.jar
7f1b6d77d000-7f1b6d782000 r--s 00039000 08:15 4592041                    /home/yvan/.m2/repository/org/apache/tomcat/embed/tomcat-embed-el/9.0.19/tomcat-embed-el-9.0.19.jar
7f1b6d782000-7f1b6d784000 r--s 00002000 08:15 4592374                    /home/yvan/.m2/repository/org/apache/tomcat/tomcat-annotations-api/9.0.19/tomcat-annotations-api-9.0.19.jar
7f1b6d784000-7f1b6d7af000 r--s 002fe000 08:15 4592039                    /home/yvan/.m2/repository/org/apache/tomcat/embed/tomcat-embed-core/9.0.19/tomcat-embed-core-9.0.19.jar
7f1b6d7af000-7f1b6d7b7000 r--s 0008f000 08:15 9571119                    /home/yvan/.m2/repository/org/apache/tomcat/embed/tomcat-embed-jasper/9.0.19/tomcat-embed-jasper-9.0.19.jar
7f1b6d7b7000-7f1b6d7bc000 r--s 00040000 08:15 4592053                    /home/yvan/.m2/repository/org/springframework/spring-expression/5.1.7.RELEASE/spring-expression-5.1.7.RELEASE.jar
7f1b6d7bc000-7f1b6d7cb000 r--s 000b5000 08:15 4592051                    /home/yvan/.m2/repository/org/springframework/spring-webmvc/5.1.7.RELEASE/spring-webmvc-5.1.7.RELEASE.jar
7f1b6d7cb000-7f1b6d7e7000 r--s 00137000 08:15 4592049                    /home/yvan/.m2/repository/org/springframework/spring-web/5.1.7.RELEASE/spring-web-5.1.7.RELEASE.jar
7f1b6d7e7000-7f1b6d7ec000 r--s 00012000 08:15 4592047                    /home/yvan/.m2/repository/javax/validation/validation-api/2.0.1.Final/validation-api-2.0.1.Final.jar
7f1b6d7ec000-7f1b6d809000 r--s 000fe000 08:15 4592045                    /home/yvan/.m2/repository/org/hibernate/validator/hibernate-validator/6.0.16.Final/hibernate-validator-6.0.16.Final.jar
7f1b6d809000-7f1b6d80e000 r--s 0003c000 08:15 4592043                    /home/yvan/.m2/repository/org/apache/tomcat/embed/tomcat-embed-websocket/9.0.19/tomcat-embed-websocket-9.0.19.jar
7f1b6d80e000-7f1b6d80f000 r--s 00000000 08:15 4592037                    /home/yvan/.m2/repository/org/springframework/boot/spring-boot-starter-tomcat/2.1.5.RELEASE/spring-boot-starter-tomcat-2.1.5.RELEASE.jar
7f1b6d80f000-7f1b6d811000 r--s 00001000 08:15 4592035                    /home/yvan/.m2/repository/com/fasterxml/jackson/module/jackson-module-parameter-names/2.9.8/jackson-module-parameter-names-2.9.8.jar
7f1b6d811000-7f1b6d814000 r--s 00016000 08:15 4592033                    /home/yvan/.m2/repository/com/fasterxml/jackson/datatype/jackson-datatype-jsr310/2.9.8/jackson-datatype-jsr310-2.9.8.jar
7f1b6d814000-7f1b6d816000 r--s 00007000 08:15 4592031                    /home/yvan/.m2/repository/com/fasterxml/jackson/datatype/jackson-datatype-jdk8/2.9.8/jackson-datatype-jdk8-2.9.8.jar
7f1b6d816000-7f1b6d81a000 r--s 0004c000 08:15 4592029                    /home/yvan/.m2/repository/com/fasterxml/jackson/core/jackson-core/2.9.8/jackson-core-2.9.8.jar
7f1b6d81a000-7f1b6d81d000 r--s 0000e000 08:15 4592027                    /home/yvan/.m2/repository/com/fasterxml/jackson/core/jackson-annotations/2.9.0/jackson-annotations-2.9.0.jar
7f1b6d81d000-7f1b6d82f000 r--s 00137000 08:15 4592025                    /home/yvan/.m2/repository/com/fasterxml/jackson/core/jackson-databind/2.9.8/jackson-databind-2.9.8.jar
7f1b6d82f000-7f1b6d830000 r--s 00000000 08:15 4592023                    /home/yvan/.m2/repository/org/springframework/boot/spring-boot-starter-json/2.1.5.RELEASE/spring-boot-starter-json-2.1.5.RELEASE.jar
7f1b6d830000-7f1b6d837000 r--s 00043000 08:15 4592021                    /home/yvan/.m2/repository/org/yaml/snakeyaml/1.23/snakeyaml-1.23.jar
7f1b6d837000-7f1b6d839000 r--s 00005000 08:15 4592019                    /home/yvan/.m2/repository/javax/annotation/javax.annotation-api/1.3.2/javax.annotation-api-1.3.2.jar
7f1b6d839000-7f1b6d83b000 r--s 00000000 08:15 4592017                    /home/yvan/.m2/repository/org/slf4j/jul-to-slf4j/1.7.26/jul-to-slf4j-1.7.26.jar
7f1b6d83b000-7f1b6d841000 r--s 0003c000 08:15 4592015                    /home/yvan/.m2/repository/org/apache/logging/log4j/log4j-api/2.11.2/log4j-api-2.11.2.jar
7f1b6d841000-7f1b6d843000 r--s 00003000 08:15 4592013                    /home/yvan/.m2/repository/org/apache/logging/log4j/log4j-to-slf4j/2.11.2/log4j-to-slf4j-2.11.2.jar
7f1b6d843000-7f1b6d84e000 r--s 00069000 08:15 4592011                    /home/yvan/.m2/repository/ch/qos/logback/logback-core/1.2.3/logback-core-1.2.3.jar
7f1b6d84e000-7f1b6d854000 r--s 00041000 08:15 4592009                    /home/yvan/.m2/repository/ch/qos/logback/logback-classic/1.2.3/logback-classic-1.2.3.jar
7f1b6d854000-7f1b6d855000 r--s 00000000 08:15 4592007                    /home/yvan/.m2/repository/org/springframework/boot/spring-boot-starter-logging/2.1.5.RELEASE/spring-boot-starter-logging-2.1.5.RELEASE.jar
7f1b6d855000-7f1b6d856000 r--s 00000000 08:15 4592001                    /home/yvan/.m2/repository/org/springframework/boot/spring-boot-starter/2.1.5.RELEASE/spring-boot-starter-2.1.5.RELEASE.jar
7f1b6d856000-7f1b6d858000 r--s 0000a000 08:15 4591997                    /home/yvan/.m2/repository/org/springframework/spring-aspects/5.1.7.RELEASE/spring-aspects-5.1.7.RELEASE.jar
7f1b6d858000-7f1b6d85a000 r--s 00009000 08:15 4591995                    /home/yvan/.m2/repository/org/slf4j/slf4j-api/1.7.26/slf4j-api-1.7.26.jar
7f1b6d85a000-7f1b6d866000 r--s 00099000 08:15 4591993                    /home/yvan/.m2/repository/org/springframework/spring-beans/5.1.7.RELEASE/spring-beans-5.1.7.RELEASE.jar
7f1b6d866000-7f1b6d86e000 r--s 00037000 08:15 4591991                    /home/yvan/.m2/repository/org/springframework/spring-tx/5.1.7.RELEASE/spring-tx-5.1.7.RELEASE.jar
7f1b6d86e000-7f1b6d888000 r--s 000f4000 08:15 4591989                    /home/yvan/.m2/repository/org/springframework/spring-context/5.1.7.RELEASE/spring-context-5.1.7.RELEASE.jar
7f1b6d888000-7f1b6d8cf000 r--s 002da000 08:15 4591971                    /home/yvan/.m2/repository/net/bytebuddy/byte-buddy/1.9.12/byte-buddy-1.9.12.jar
7f1b6d8cf000-7f1b6d951000 r--s 00627000 08:15 4591963                    /home/yvan/.m2/repository/org/hibernate/hibernate-core/5.3.10.Final/hibernate-core-5.3.10.Final.jar
7f1b6d951000-7f1b6d954000 ---p 00000000 00:00 0 
7f1b6d954000-7f1b6da52000 rw-p 00000000 00:00 0 
7f1b6da52000-7f1b6da55000 ---p 00000000 00:00 0 
7f1b6da55000-7f1b6db53000 rw-p 00000000 00:00 0 
7f1b6db53000-7f1b6db56000 ---p 00000000 00:00 0 
7f1b6db56000-7f1b6dc54000 rw-p 00000000 00:00 0 
7f1b6dc54000-7f1b6dc58000 r-xp 00000000 08:15 6300610                    /usr/lib/jvm/java-8-oracle/jre/lib/amd64/libdt_socket.so
7f1b6dc58000-7f1b6de57000 ---p 00004000 08:15 6300610                    /usr/lib/jvm/java-8-oracle/jre/lib/amd64/libdt_socket.so
7f1b6de57000-7f1b6de58000 r--p 00003000 08:15 6300610                    /usr/lib/jvm/java-8-oracle/jre/lib/amd64/libdt_socket.so
7f1b6de58000-7f1b6de59000 rw-p 00004000 08:15 6300610                    /usr/lib/jvm/java-8-oracle/jre/lib/amd64/libdt_socket.so
7f1b6de59000-7f1b6de5c000 ---p 00000000 00:00 0 
7f1b6de5c000-7f1b6df5a000 rw-p 00000000 00:00 0 
7f1b6df5a000-7f1b6df5d000 ---p 00000000 00:00 0 
7f1b6df5d000-7f1b6e05b000 rw-p 00000000 00:00 0 
7f1b6e05b000-7f1b6e05e000 ---p 00000000 00:00 0 
7f1b6e05e000-7f1b6e15c000 rw-p 00000000 00:00 0 
7f1b6e15c000-7f1b6e15d000 ---p 00000000 00:00 0 
7f1b6e15d000-7f1b6f16c000 rw-p 00000000 00:00 0 
7f1b6f16c000-7f1b6f346000 r--s 03d6f000 08:15 6300430                    /usr/lib/jvm/java-8-oracle/jre/lib/rt.jar
7f1b6f346000-7f1b73c8d000 rw-p 00000000 00:00 0 
7f1b73c8d000-7f1b73c8e000 ---p 00000000 00:00 0 
7f1b73c8e000-7f1b73d8e000 rw-p 00000000 00:00 0 
7f1b73d8e000-7f1b73d8f000 ---p 00000000 00:00 0 
7f1b73d8f000-7f1b73e8f000 rw-p 00000000 00:00 0 
7f1b73e8f000-7f1b73e90000 ---p 00000000 00:00 0 
7f1b73e90000-7f1b73fc2000 rw-p 00000000 00:00 0 
7f1b73fc2000-7f1b74220000 ---p 00000000 00:00 0 
7f1b74220000-7f1b74252000 rw-p 00000000 00:00 0 
7f1b74252000-7f1b744af000 ---p 00000000 00:00 0 
7f1b744af000-7f1b745e4000 rw-p 00000000 00:00 0 
7f1b745e4000-7f1b745f7000 ---p 00000000 00:00 0 
7f1b745f7000-7f1b74642000 rw-p 00000000 00:00 0 
7f1b74642000-7f1b749b8000 ---p 00000000 00:00 0 
7f1b749b8000-7f1b75c18000 rwxp 00000000 00:00 0 
7f1b75c18000-7f1b839b8000 ---p 00000000 00:00 0 
7f1b839b8000-7f1b839d3000 r-xp 00000000 08:15 6300643                    /usr/lib/jvm/java-8-oracle/jre/lib/amd64/libzip.so
7f1b839d3000-7f1b83bd2000 ---p 0001b000 08:15 6300643                    /usr/lib/jvm/java-8-oracle/jre/lib/amd64/libzip.so
7f1b83bd2000-7f1b83bd3000 r--p 0001a000 08:15 6300643                    /usr/lib/jvm/java-8-oracle/jre/lib/amd64/libzip.so
7f1b83bd3000-7f1b83bd4000 rw-p 0001b000 08:15 6300643                    /usr/lib/jvm/java-8-oracle/jre/lib/amd64/libzip.so
7f1b83bd4000-7f1b83bdf000 r-xp 00000000 08:15 7344904                    /lib/x86_64-linux-gnu/libnss_files-2.27.so
7f1b83bdf000-7f1b83dde000 ---p 0000b000 08:15 7344904                    /lib/x86_64-linux-gnu/libnss_files-2.27.so
7f1b83dde000-7f1b83ddf000 r--p 0000a000 08:15 7344904                    /lib/x86_64-linux-gnu/libnss_files-2.27.so
7f1b83ddf000-7f1b83de0000 rw-p 0000b000 08:15 7344904                    /lib/x86_64-linux-gnu/libnss_files-2.27.so
7f1b83de0000-7f1b83de6000 rw-p 00000000 00:00 0 
7f1b83de6000-7f1b83dfd000 r-xp 00000000 08:15 7344898                    /lib/x86_64-linux-gnu/libnsl-2.27.so
7f1b83dfd000-7f1b83ffc000 ---p 00017000 08:15 7344898                    /lib/x86_64-linux-gnu/libnsl-2.27.so
7f1b83ffc000-7f1b83ffd000 r--p 00016000 08:15 7344898                    /lib/x86_64-linux-gnu/libnsl-2.27.so
7f1b83ffd000-7f1b83ffe000 rw-p 00017000 08:15 7344898                    /lib/x86_64-linux-gnu/libnsl-2.27.so
7f1b83ffe000-7f1b84000000 rw-p 00000000 00:00 0 
7f1b84000000-7f1b84a9d000 rw-p 00000000 00:00 0 
7f1b84a9d000-7f1b88000000 ---p 00000000 00:00 0 
7f1b88000000-7f1b88004000 r--s 0002d000 08:15 4591987                    /home/yvan/.m2/repository/org/springframework/spring-orm/5.1.7.RELEASE/spring-orm-5.1.7.RELEASE.jar
7f1b88004000-7f1b8801c000 r--s 00107000 08:15 4591985                    /home/yvan/.m2/repository/org/springframework/data/spring-data-commons/2.1.8.RELEASE/spring-data-commons-2.1.8.RELEASE.jar
7f1b8801c000-7f1b88024000 r--s 0004f000 08:15 4591983                    /home/yvan/.m2/repository/org/springframework/data/spring-data-jpa/2.1.8.RELEASE/spring-data-jpa-2.1.8.RELEASE.jar
7f1b88024000-7f1b88027000 r--s 00010000 08:15 4591981                    /home/yvan/.m2/repository/org/hibernate/common/hibernate-commons-annotations/5.0.4.Final/hibernate-commons-annotations-5.0.4.Final.jar
7f1b88027000-7f1b8802c000 r--s 0004b000 08:15 4591979                    /home/yvan/.m2/repository/org/dom4j/dom4j/2.1.1/dom4j-2.1.1.jar
7f1b8802c000-7f1b8802e000 r--s 0000f000 08:15 4591977                    /home/yvan/.m2/repository/com/fasterxml/classmate/1.4.0/classmate-1.4.0.jar
7f1b8802e000-7f1b88031000 r--s 0002b000 08:15 4591975                    /home/yvan/.m2/repository/org/jboss/jandex/2.0.5.Final/jandex-2.0.5.Final.jar
7f1b88031000-7f1b88036000 r--s 00068000 08:15 4591973                    /home/yvan/.m2/repository/antlr/antlr/2.7.7/antlr-2.7.7.jar
7f1b88036000-7f1b88041000 r--s 000b2000 08:15 4591969                    /home/yvan/.m2/repository/org/javassist/javassist/3.23.2-GA/javassist-3.23.2-GA.jar
7f1b88041000-7f1b88047000 r--s 00023000 08:15 4591967                    /home/yvan/.m2/repository/javax/persistence/javax.persistence-api/2.2/javax.persistence-api-2.2.jar
7f1b88047000-7f1b88049000 r--s 0000f000 08:15 4591965                    /home/yvan/.m2/repository/org/jboss/logging/jboss-logging/3.3.2.Final/jboss-logging-3.3.2.Final.jar
7f1b88049000-7f1b8804b000 r--s 0000c000 08:15 4591961                    /home/yvan/.m2/repository/javax/activation/javax.activation-api/1.2.0/javax.activation-api-1.2.0.jar
7f1b8804b000-7f1b88064000 r--s 001da000 08:15 4591949                    /home/yvan/.m2/repository/org/aspectj/aspectjweaver/1.9.4/aspectjweaver-1.9.4.jar
7f1b88064000-7f1b880da000 rw-p 00000000 00:00 0 
7f1b880da000-7f1b880db000 ---p 00000000 00:00 0 
7f1b880db000-7f1b881db000 rw-p 00000000 00:00 0 
7f1b881db000-7f1b881e6000 r-xp 00000000 08:15 7344915                    /lib/x86_64-linux-gnu/libnss_nis-2.27.so
7f1b881e6000-7f1b883e5000 ---p 0000b000 08:15 7344915                    /lib/x86_64-linux-gnu/libnss_nis-2.27.so
7f1b883e5000-7f1b883e6000 r--p 0000a000 08:15 7344915                    /lib/x86_64-linux-gnu/libnss_nis-2.27.so
7f1b883e6000-7f1b883e7000 rw-p 0000b000 08:15 7344915                    /lib/x86_64-linux-gnu/libnss_nis-2.27.so
7f1b883e7000-7f1b883ef000 r-xp 00000000 08:15 7344900                    /lib/x86_64-linux-gnu/libnss_compat-2.27.so
7f1b883ef000-7f1b885ef000 ---p 00008000 08:15 7344900                    /lib/x86_64-linux-gnu/libnss_compat-2.27.so
7f1b885ef000-7f1b885f0000 r--p 00008000 08:15 7344900                    /lib/x86_64-linux-gnu/libnss_compat-2.27.so
7f1b885f0000-7f1b885f1000 rw-p 00009000 08:15 7344900                    /lib/x86_64-linux-gnu/libnss_compat-2.27.so
7f1b885f1000-7f1b885fb000 r-xp 00000000 08:15 6300652                    /usr/lib/jvm/java-8-oracle/jre/lib/amd64/libinstrument.so
7f1b885fb000-7f1b887fa000 ---p 0000a000 08:15 6300652                    /usr/lib/jvm/java-8-oracle/jre/lib/amd64/libinstrument.so
7f1b887fa000-7f1b887fb000 r--p 00009000 08:15 6300652                    /usr/lib/jvm/java-8-oracle/jre/lib/amd64/libinstrument.so
7f1b887fb000-7f1b887fc000 rw-p 0000a000 08:15 6300652                    /usr/lib/jvm/java-8-oracle/jre/lib/amd64/libinstrument.so
7f1b887fc000-7f1b891cb000 r--p 00000000 08:15 6167196                    /usr/lib/locale/locale-archive
7f1b891cb000-7f1b891cd000 r-xp 00000000 08:15 6300612                    /usr/lib/jvm/java-8-oracle/jre/lib/amd64/libnpt.so
7f1b891cd000-7f1b893cd000 ---p 00002000 08:15 6300612                    /usr/lib/jvm/java-8-oracle/jre/lib/amd64/libnpt.so
7f1b893cd000-7f1b893ce000 r--p 00002000 08:15 6300612                    /usr/lib/jvm/java-8-oracle/jre/lib/amd64/libnpt.so
7f1b893ce000-7f1b893cf000 rw-p 00003000 08:15 6300612                    /usr/lib/jvm/java-8-oracle/jre/lib/amd64/libnpt.so
7f1b893cf000-7f1b89409000 r-xp 00000000 08:15 6300630                    /usr/lib/jvm/java-8-oracle/jre/lib/amd64/libjdwp.so
7f1b89409000-7f1b89608000 ---p 0003a000 08:15 6300630                    /usr/lib/jvm/java-8-oracle/jre/lib/amd64/libjdwp.so
7f1b89608000-7f1b89609000 r--p 00039000 08:15 6300630                    /usr/lib/jvm/java-8-oracle/jre/lib/amd64/libjdwp.so
7f1b89609000-7f1b8960a000 rw-p 0003a000 08:15 6300630                    /usr/lib/jvm/java-8-oracle/jre/lib/amd64/libjdwp.so
7f1b8960a000-7f1b89636000 r-xp 00000000 08:15 6300637                    /usr/lib/jvm/java-8-oracle/jre/lib/amd64/libjava.so
7f1b89636000-7f1b89836000 ---p 0002c000 08:15 6300637                    /usr/lib/jvm/java-8-oracle/jre/lib/amd64/libjava.so
7f1b89836000-7f1b89837000 r--p 0002c000 08:15 6300637                    /usr/lib/jvm/java-8-oracle/jre/lib/amd64/libjava.so
7f1b89837000-7f1b89839000 rw-p 0002d000 08:15 6300637                    /usr/lib/jvm/java-8-oracle/jre/lib/amd64/libjava.so
7f1b89839000-7f1b89846000 r-xp 00000000 08:15 6300642                    /usr/lib/jvm/java-8-oracle/jre/lib/amd64/libverify.so
7f1b89846000-7f1b89a45000 ---p 0000d000 08:15 6300642                    /usr/lib/jvm/java-8-oracle/jre/lib/amd64/libverify.so
7f1b89a45000-7f1b89a47000 r--p 0000c000 08:15 6300642                    /usr/lib/jvm/java-8-oracle/jre/lib/amd64/libverify.so
7f1b89a47000-7f1b89a48000 rw-p 0000e000 08:15 6300642                    /usr/lib/jvm/java-8-oracle/jre/lib/amd64/libverify.so
7f1b89a48000-7f1b89a4f000 r-xp 00000000 08:15 7344955                    /lib/x86_64-linux-gnu/librt-2.27.so
7f1b89a4f000-7f1b89c4e000 ---p 00007000 08:15 7344955                    /lib/x86_64-linux-gnu/librt-2.27.so
7f1b89c4e000-7f1b89c4f000 r--p 00006000 08:15 7344955                    /lib/x86_64-linux-gnu/librt-2.27.so
7f1b89c4f000-7f1b89c50000 rw-p 00007000 08:15 7344955                    /lib/x86_64-linux-gnu/librt-2.27.so
7f1b89c50000-7f1b89ded000 r-xp 00000000 08:15 7344877                    /lib/x86_64-linux-gnu/libm-2.27.so
7f1b89ded000-7f1b89fec000 ---p 0019d000 08:15 7344877                    /lib/x86_64-linux-gnu/libm-2.27.so
7f1b89fec000-7f1b89fed000 r--p 0019c000 08:15 7344877                    /lib/x86_64-linux-gnu/libm-2.27.so
7f1b89fed000-7f1b89fee000 rw-p 0019d000 08:15 7344877                    /lib/x86_64-linux-gnu/libm-2.27.so
7f1b89fee000-7f1b8acd6000 r-xp 00000000 08:15 6300619                    /usr/lib/jvm/java-8-oracle/jre/lib/amd64/server/libjvm.so
7f1b8acd6000-7f1b8aed5000 ---p 00ce8000 08:15 6300619                    /usr/lib/jvm/java-8-oracle/jre/lib/amd64/server/libjvm.so
7f1b8aed5000-7f1b8af6b000 r--p 00ce7000 08:15 6300619                    /usr/lib/jvm/java-8-oracle/jre/lib/amd64/server/libjvm.so
7f1b8af6b000-7f1b8af9c000 rw-p 00d7d000 08:15 6300619                    /usr/lib/jvm/java-8-oracle/jre/lib/amd64/server/libjvm.so
7f1b8af9c000-7f1b8afd7000 rw-p 00000000 00:00 0 
7f1b8afd7000-7f1b8b1be000 r-xp 00000000 08:15 7344814                    /lib/x86_64-linux-gnu/libc-2.27.so
7f1b8b1be000-7f1b8b3be000 ---p 001e7000 08:15 7344814                    /lib/x86_64-linux-gnu/libc-2.27.so
7f1b8b3be000-7f1b8b3c2000 r--p 001e7000 08:15 7344814                    /lib/x86_64-linux-gnu/libc-2.27.so
7f1b8b3c2000-7f1b8b3c4000 rw-p 001eb000 08:15 7344814                    /lib/x86_64-linux-gnu/libc-2.27.so
7f1b8b3c4000-7f1b8b3c8000 rw-p 00000000 00:00 0 
7f1b8b3c8000-7f1b8b3cb000 r-xp 00000000 08:15 7344837                    /lib/x86_64-linux-gnu/libdl-2.27.so
7f1b8b3cb000-7f1b8b5ca000 ---p 00003000 08:15 7344837                    /lib/x86_64-linux-gnu/libdl-2.27.so
7f1b8b5ca000-7f1b8b5cb000 r--p 00002000 08:15 7344837                    /lib/x86_64-linux-gnu/libdl-2.27.so
7f1b8b5cb000-7f1b8b5cc000 rw-p 00003000 08:15 7344837                    /lib/x86_64-linux-gnu/libdl-2.27.so
7f1b8b5cc000-7f1b8b5e3000 r-xp 00000000 08:15 6300292                    /usr/lib/jvm/java-8-oracle/lib/amd64/jli/libjli.so
7f1b8b5e3000-7f1b8b7e2000 ---p 00017000 08:15 6300292                    /usr/lib/jvm/java-8-oracle/lib/amd64/jli/libjli.so
7f1b8b7e2000-7f1b8b7e3000 r--p 00016000 08:15 6300292                    /usr/lib/jvm/java-8-oracle/lib/amd64/jli/libjli.so
7f1b8b7e3000-7f1b8b7e4000 rw-p 00017000 08:15 6300292                    /usr/lib/jvm/java-8-oracle/lib/amd64/jli/libjli.so
7f1b8b7e4000-7f1b8b7fe000 r-xp 00000000 08:15 7344947                    /lib/x86_64-linux-gnu/libpthread-2.27.so
7f1b8b7fe000-7f1b8b9fd000 ---p 0001a000 08:15 7344947                    /lib/x86_64-linux-gnu/libpthread-2.27.so
7f1b8b9fd000-7f1b8b9fe000 r--p 00019000 08:15 7344947                    /lib/x86_64-linux-gnu/libpthread-2.27.so
7f1b8b9fe000-7f1b8b9ff000 rw-p 0001a000 08:15 7344947                    /lib/x86_64-linux-gnu/libpthread-2.27.so
7f1b8b9ff000-7f1b8ba03000 rw-p 00000000 00:00 0 
7f1b8ba03000-7f1b8ba2a000 r-xp 00000000 08:15 7344786                    /lib/x86_64-linux-gnu/ld-2.27.so
7f1b8ba2a000-7f1b8ba2b000 r--s 00000000 08:15 4591999                    /home/yvan/.m2/repository/org/springframework/boot/spring-boot-starter-web/2.1.5.RELEASE/spring-boot-starter-web-2.1.5.RELEASE.jar
7f1b8ba2b000-7f1b8ba2f000 r--s 0001c000 08:15 4591959                    /home/yvan/.m2/repository/javax/xml/bind/jaxb-api/2.3.1/jaxb-api-2.3.1.jar
7f1b8ba2f000-7f1b8ba38000 r--s 0005a000 08:15 4591955                    /home/yvan/.m2/repository/org/springframework/spring-jdbc/5.1.7.RELEASE/spring-jdbc-5.1.7.RELEASE.jar
7f1b8ba38000-7f1b8bb09000 rw-p 00000000 00:00 0 
7f1b8bb09000-7f1b8bb0a000 ---p 00000000 00:00 0 
7f1b8bb0a000-7f1b8bb0d000 ---p 00000000 00:00 0 
7f1b8bb0d000-7f1b8bc0e000 rw-p 00000000 00:00 0 
7f1b8bc0e000-7f1b8bc0f000 r--s 00006000 08:15 4591957                    /home/yvan/.m2/repository/javax/transaction/javax.transaction-api/1.3/javax.transaction-api-1.3.jar
7f1b8bc0f000-7f1b8bc13000 r--s 00020000 08:15 4591953                    /home/yvan/.m2/repository/com/zaxxer/HikariCP/3.2.0/HikariCP-3.2.0.jar
7f1b8bc13000-7f1b8bc14000 r--s 00000000 08:15 4591951                    /home/yvan/.m2/repository/org/springframework/boot/spring-boot-starter-jdbc/2.1.5.RELEASE/spring-boot-starter-jdbc-2.1.5.RELEASE.jar
7f1b8bc14000-7f1b8bc1e000 r--s 00051000 08:15 4591947                    /home/yvan/.m2/repository/org/springframework/spring-aop/5.1.7.RELEASE/spring-aop-5.1.7.RELEASE.jar
7f1b8bc1e000-7f1b8bc1f000 r--s 00000000 08:15 4591945                    /home/yvan/.m2/repository/org/springframework/boot/spring-boot-starter-aop/2.1.5.RELEASE/spring-boot-starter-aop-2.1.5.RELEASE.jar
7f1b8bc1f000-7f1b8bc20000 r--s 00000000 08:15 4591943                    /home/yvan/.m2/repository/org/springframework/boot/spring-boot-starter-data-jpa/2.1.5.RELEASE/spring-boot-starter-data-jpa-2.1.5.RELEASE.jar
7f1b8bc20000-7f1b8bc28000 rw-s 00000000 08:15 4461571                    /tmp/hsperfdata_yvan/14436
7f1b8bc28000-7f1b8bc29000 rw-p 00000000 00:00 0 
7f1b8bc29000-7f1b8bc2a000 ---p 00000000 00:00 0 
7f1b8bc2a000-7f1b8bc2b000 r--p 00027000 08:15 7344786                    /lib/x86_64-linux-gnu/ld-2.27.so
7f1b8bc2b000-7f1b8bc2c000 rw-p 00028000 08:15 7344786                    /lib/x86_64-linux-gnu/ld-2.27.so
7f1b8bc2c000-7f1b8bc2d000 rw-p 00000000 00:00 0 
7ffd9a8be000-7ffd9a8e1000 rw-p 00000000 00:00 0                          [stack]
7ffd9a8e6000-7ffd9a8e9000 r--p 00000000 00:00 0                          [vvar]
7ffd9a8e9000-7ffd9a8eb000 r-xp 00000000 00:00 0                          [vdso]
ffffffffff600000-ffffffffff601000 r-xp 00000000 00:00 0                  [vsyscall]

VM Arguments:
jvm_args: -agentlib:jdwp=transport=dt_socket,suspend=y,address=localhost:33527 -javaagent:/home/yvan/.eclipse/360744294_linux_gtk_x86_64/configuration/org.eclipse.osgi/219/0/.cp/lib/javaagent-shaded.jar -Dfile.encoding=UTF-8 
java_command: com.jsp.demo5.Demo5Application
java_class_path (initial): /home/yvan/Downloads/demo5/target/classes:/home/yvan/.m2/repository/org/springframework/boot/spring-boot-starter-data-jpa/2.1.5.RELEASE/spring-boot-starter-data-jpa-2.1.5.RELEASE.jar:/home/yvan/.m2/repository/org/springframework/boot/spring-boot-starter-aop/2.1.5.RELEASE/spring-boot-starter-aop-2.1.5.RELEASE.jar:/home/yvan/.m2/repository/org/springframework/spring-aop/5.1.7.RELEASE/spring-aop-5.1.7.RELEASE.jar:/home/yvan/.m2/repository/org/aspectj/aspectjweaver/1.9.4/aspectjweaver-1.9.4.jar:/home/yvan/.m2/repository/org/springframework/boot/spring-boot-starter-jdbc/2.1.5.RELEASE/spring-boot-starter-jdbc-2.1.5.RELEASE.jar:/home/yvan/.m2/repository/com/zaxxer/HikariCP/3.2.0/HikariCP-3.2.0.jar:/home/yvan/.m2/repository/org/springframework/spring-jdbc/5.1.7.RELEASE/spring-jdbc-5.1.7.RELEASE.jar:/home/yvan/.m2/repository/javax/transaction/javax.transaction-api/1.3/javax.transaction-api-1.3.jar:/home/yvan/.m2/repository/javax/xml/bind/jaxb-api/2.3.1/jaxb-api-2.3.1.jar:/home/yvan/.m2/repository/javax/activation/javax.activation-api/1.2.0/javax.activation-api-1.2.0.jar:/home/yvan/.m2/repository/org/hibernate/hibernate-core/5.3.10.Final/hibernate-core-5.3.10.Final.jar:/home/yvan/.m2/repository/org/jboss/logging/jboss-logging/3.3.2.Final/jboss-logging-3.3.2.Final.jar:/home/yvan/.m2/repository/javax/persistence/javax.persistence-api/2.2/javax.persistence-api-2.2.jar:/home/yvan/.m2/repository/org/javassist/javassist/3.23.2-GA/javassist-3.23.2-GA.jar:/home/yvan/.m2/repository/net/bytebuddy/byte-buddy/1.9.12/byte-buddy-1.9.12.jar:/home/yvan/.m2/repository/antlr/antlr/2.7.7/antlr-2.7.7.jar:/home/yvan/.m2/repository/org/jboss/jandex/2.0.5.Final/jandex-2.0.5.Final.jar:/home/yvan/.m2/repository/com/fasterxml/classmate/1.4.0/classmate-1.4.0.jar:/home/yvan/.m2/repository/org/dom4j/dom4j/2.1.1/dom4j-2.1.1.jar:/home/yvan/.m2/repository/org/hibernate/common/hibernate-commons-annotations/5.0.4.Final/hibernate-commons-annotations-5.0.4.Final.jar:/home/yvan/.m2/r
Launcher Type: SUN_STANDARD

Environment Variables:
JAVA_HOME=/usr/lib/jvm/java-8-oracle
PATH=/usr/local/sbin:/usr/local/bin:/usr/sbin:/usr/bin:/sbin:/bin:/usr/games:/usr/local/games:/snap/bin:/usr/lib/jvm/java-8-oracle/bin:/usr/lib/jvm/java-8-oracle/db/bin:/usr/lib/jvm/java-8-oracle/jre/bin
USERNAME=yvan
SHELL=/bin/bash
DISPLAY=:0

Signal Handlers:
SIGSEGV: [libjvm.so+0xad3e60], sa_mask[0]=11111111011111111101111111111110, sa_flags=SA_RESTART|SA_SIGINFO
SIGBUS: [libjvm.so+0xad3e60], sa_mask[0]=11111111011111111101111111111110, sa_flags=SA_RESTART|SA_SIGINFO
SIGFPE: [libjvm.so+0x90b880], sa_mask[0]=11111111011111111101111111111110, sa_flags=SA_RESTART|SA_SIGINFO
SIGPIPE: [libjvm.so+0x90b880], sa_mask[0]=11111111011111111101111111111110, sa_flags=SA_RESTART|SA_SIGINFO
SIGXFSZ: [libjvm.so+0x90b880], sa_mask[0]=11111111011111111101111111111110, sa_flags=SA_RESTART|SA_SIGINFO
SIGILL: [libjvm.so+0x90b880], sa_mask[0]=11111111011111111101111111111110, sa_flags=SA_RESTART|SA_SIGINFO
SIGUSR1: SIG_DFL, sa_mask[0]=00000000000000000000000000000000, sa_flags=none
SIGUSR2: [libjvm.so+0x90b750], sa_mask[0]=00100000000000000000000000000000, sa_flags=SA_RESTART|SA_SIGINFO
SIGHUP: [libjvm.so+0x90bd70], sa_mask[0]=11111111011111111101111111111110, sa_flags=SA_RESTART|SA_SIGINFO
SIGINT: [libjvm.so+0x90bd70], sa_mask[0]=11111111011111111101111111111110, sa_flags=SA_RESTART|SA_SIGINFO
SIGTERM: [libjvm.so+0x90bd70], sa_mask[0]=11111111011111111101111111111110, sa_flags=SA_RESTART|SA_SIGINFO
SIGQUIT: [libjvm.so+0x90bd70], sa_mask[0]=11111111011111111101111111111110, sa_flags=SA_RESTART|SA_SIGINFO


---------------  S Y S T E M  ---------------

OS:DISTRIB_ID=Ubuntu
DISTRIB_RELEASE=18.04
DISTRIB_CODENAME=bionic
DISTRIB_DESCRIPTION="Ubuntu 18.04.2 LTS"

uname:Linux 4.15.0-50-generic #54-Ubuntu SMP Mon May 6 18:46:08 UTC 2019 x86_64
libc:glibc 2.27 NPTL 2.27 
rlimit: STACK 8192k, CORE 0k, NPROC 30929, NOFILE 1048576, AS infinity
load average:0,34 0,51 0,68

/proc/meminfo:
MemTotal:        8050948 kB
MemFree:          132228 kB
MemAvailable:     496516 kB
Buffers:           51856 kB
Cached:           704148 kB
SwapCached:        25812 kB
Active:          6229792 kB
Inactive:        1087956 kB
Active(anon):    5955208 kB
Inactive(anon):   851292 kB
Active(file):     274584 kB
Inactive(file):   236664 kB
Unevictable:         136 kB
Mlocked:             136 kB
SwapTotal:       2097148 kB
SwapFree:        1274708 kB
Dirty:               968 kB
Writeback:             0 kB
AnonPages:       6536760 kB
Mapped:           641684 kB
Shmem:            250816 kB
Slab:             256552 kB
SReclaimable:     157112 kB
SUnreclaim:        99440 kB
KernelStack:       24976 kB
PageTables:       118556 kB
NFS_Unstable:          0 kB
Bounce:                0 kB
WritebackTmp:          0 kB
CommitLimit:     6122620 kB
Committed_AS:   19845788 kB
VmallocTotal:   34359738367 kB
VmallocUsed:           0 kB
VmallocChunk:          0 kB
HardwareCorrupted:     0 kB
AnonHugePages:         0 kB
ShmemHugePages:        0 kB
ShmemPmdMapped:        0 kB
CmaTotal:              0 kB
CmaFree:               0 kB
HugePages_Total:       0
HugePages_Free:        0
HugePages_Rsvd:        0
HugePages_Surp:        0
Hugepagesize:       2048 kB
DirectMap4k:      558500 kB
DirectMap2M:     7712768 kB
DirectMap1G:           0 kB

container (cgroup) information:
container_type: cgroupv1
cpu_cpuset_cpus: 0-3
cpu_memory_nodes: 0
active_processor_count: 4
cpu_quota: -1
cpu_period: 100000
cpu_shares: -1
memory_limit_in_bytes: -1
memory_and_swap_limit_in_bytes: -2
memory_soft_limit_in_bytes: -1
memory_usage_in_bytes: 7493058560
memory_max_usage_in_bytes: 42987520


CPU:total 4 (initial active 4) (4 cores per cpu, 1 threads per core) family 6 model 158 stepping 9, cmov, cx8, fxsr, mmx, sse, sse2, sse3, ssse3, sse4.1, sse4.2, popcnt, avx, avx2, aes, clmul, erms, 3dnowpref, lzcnt, tsc, tscinvbit, bmi1, bmi2, adx

/proc/cpuinfo:
processor	: 0
vendor_id	: GenuineIntel
cpu family	: 6
model		: 158
model name	: Intel(R) Core(TM) i5-7300HQ CPU @ 2.50GHz
stepping	: 9
microcode	: 0xb4
cpu MHz		: 900.022
cache size	: 6144 KB
physical id	: 0
siblings	: 4
core id		: 0
cpu cores	: 4
apicid		: 0
initial apicid	: 0
fpu		: yes
fpu_exception	: yes
cpuid level	: 22
wp		: yes
flags		: fpu vme de pse tsc msr pae mce cx8 apic sep mtrr pge mca cmov pat pse36 clflush dts acpi mmx fxsr sse sse2 ss ht tm pbe syscall nx pdpe1gb rdtscp lm constant_tsc art arch_perfmon pebs bts rep_good nopl xtopology nonstop_tsc cpuid aperfmperf tsc_known_freq pni pclmulqdq dtes64 monitor ds_cpl vmx est tm2 ssse3 sdbg fma cx16 xtpr pdcm pcid sse4_1 sse4_2 x2apic movbe popcnt tsc_deadline_timer aes xsave avx f16c rdrand lahf_lm abm 3dnowprefetch cpuid_fault epb invpcid_single pti ssbd ibrs ibpb stibp tpr_shadow vnmi flexpriority ept vpid fsgsbase tsc_adjust bmi1 avx2 smep bmi2 erms invpcid mpx rdseed adx smap clflushopt intel_pt xsaveopt xsavec xgetbv1 xsaves dtherm ida arat pln pts hwp hwp_notify hwp_act_window hwp_epp md_clear flush_l1d
bugs		: cpu_meltdown spectre_v1 spectre_v2 spec_store_bypass l1tf mds
bogomips	: 4992.00
clflush size	: 64
cache_alignment	: 64
address sizes	: 39 bits physical, 48 bits virtual
power management:

processor	: 1
vendor_id	: GenuineIntel
cpu family	: 6
model		: 158
model name	: Intel(R) Core(TM) i5-7300HQ CPU @ 2.50GHz
stepping	: 9
microcode	: 0xb4
cpu MHz		: 900.005
cache size	: 6144 KB
physical id	: 0
siblings	: 4
core id		: 1
cpu cores	: 4
apicid		: 2
initial apicid	: 2
fpu		: yes
fpu_exception	: yes
cpuid level	: 22
wp		: yes
flags		: fpu vme de pse tsc msr pae mce cx8 apic sep mtrr pge mca cmov pat pse36 clflush dts acpi mmx fxsr sse sse2 ss ht tm pbe syscall nx pdpe1gb rdtscp lm constant_tsc art arch_perfmon pebs bts rep_good nopl xtopology nonstop_tsc cpuid aperfmperf tsc_known_freq pni pclmulqdq dtes64 monitor ds_cpl vmx est tm2 ssse3 sdbg fma cx16 xtpr pdcm pcid sse4_1 sse4_2 x2apic movbe popcnt tsc_deadline_timer aes xsave avx f16c rdrand lahf_lm abm 3dnowprefetch cpuid_fault epb invpcid_single pti tpr_shadow vnmi flexpriority ept vpid fsgsbase tsc_adjust bmi1 avx2 smep bmi2 erms invpcid mpx rdseed adx smap clflushopt intel_pt xsaveopt xsavec xgetbv1 xsaves dtherm ida arat pln pts hwp hwp_notify hwp_act_window hwp_epp
bugs		: cpu_meltdown spectre_v1 spectre_v2 spec_store_bypass l1tf mds
bogomips	: 4992.00
clflush size	: 64
cache_alignment	: 64
address sizes	: 39 bits physical, 48 bits virtual
power management:

processor	: 2
vendor_id	: GenuineIntel
cpu family	: 6
model		: 158
model name	: Intel(R) Core(TM) i5-7300HQ CPU @ 2.50GHz
stepping	: 9
microcode	: 0xb4
cpu MHz		: 900.057
cache size	: 6144 KB
physical id	: 0
siblings	: 4
core id		: 2
cpu cores	: 4
apicid		: 4
initial apicid	: 4
fpu		: yes
fpu_exception	: yes
cpuid level	: 22
wp		: yes
flags		: fpu vme de pse tsc msr pae mce cx8 apic sep mtrr pge mca cmov pat pse36 clflush dts acpi mmx fxsr sse sse2 ss ht tm pbe syscall nx pdpe1gb rdtscp lm constant_tsc art arch_perfmon pebs bts rep_good nopl xtopology nonstop_tsc cpuid aperfmperf tsc_known_freq pni pclmulqdq dtes64 monitor ds_cpl vmx est tm2 ssse3 sdbg fma cx16 xtpr pdcm pcid sse4_1 sse4_2 x2apic movbe popcnt tsc_deadline_timer aes xsave avx f16c rdrand lahf_lm abm 3dnowprefetch cpuid_fault epb invpcid_single pti tpr_shadow vnmi flexpriority ept vpid fsgsbase tsc_adjust bmi1 avx2 smep bmi2 erms invpcid mpx rdseed adx smap clflushopt intel_pt xsaveopt xsavec xgetbv1 xsaves dtherm ida arat pln pts hwp hwp_notify hwp_act_window hwp_epp
bugs		: cpu_meltdown spectre_v1 spectre_v2 spec_store_bypass l1tf mds
bogomips	: 4992.00
clflush size	: 64
cache_alignment	: 64
address sizes	: 39 bits physical, 48 bits virtual
power management:

processor	: 3
vendor_id	: GenuineIntel
cpu family	: 6
model		: 158
model name	: Intel(R) Core(TM) i5-7300HQ CPU @ 2.50GHz
stepping	: 9
microcode	: 0xb4
cpu MHz		: 900.036
cache size	: 6144 KB
physical id	: 0
siblings	: 4
core id		: 3
cpu cores	: 4
apicid		: 6
initial apicid	: 6
fpu		: yes
fpu_exception	: yes
cpuid level	: 22
wp		: yes
flags		: fpu vme de pse tsc msr pae mce cx8 apic sep mtrr pge mca cmov pat pse36 clflush dts acpi mmx fxsr sse sse2 ss ht tm pbe syscall nx pdpe1gb rdtscp lm constant_tsc art arch_perfmon pebs bts rep_good nopl xtopology nonstop_tsc cpuid aperfmperf tsc_known_freq pni pclmulqdq dtes64 monitor ds_cpl vmx est tm2 ssse3 sdbg fma cx16 xtpr pdcm pcid sse4_1 sse4_2 x2apic movbe popcnt tsc_deadline_timer aes xsave avx f16c rdrand lahf_lm abm 3dnowprefetch cpuid_fault epb invpcid_single pti tpr_shadow vnmi flexpriority ept vpid fsgsbase tsc_adjust bmi1 avx2 smep bmi2 erms invpcid mpx rdseed adx smap clflushopt intel_pt xsaveopt xsavec xgetbv1 xsaves dtherm ida arat pln pts hwp hwp_notify hwp_act_window hwp_epp
bugs		: cpu_meltdown spectre_v1 spectre_v2 spec_store_bypass l1tf mds
bogomips	: 4992.00
clflush size	: 64
cache_alignment	: 64
address sizes	: 39 bits physical, 48 bits virtual
power management:



Memory: 4k page, physical 8050948k(132228k free), swap 2097148k(1274708k free)

vm_info: Java HotSpot(TM) 64-Bit Server VM (25.201-b09) for linux-amd64 JRE (1.8.0_201-b09), built on Dec 15 2018 11:35:59 by "java_re" with gcc 7.3.0

time: Wed May 29 12:54:48 2019
timezone: CEST
elapsed time: 526 seconds (0d 0h 8m 46s)

